<?xml version="1.0" encoding="UTF-8"?>
<!-- Generated by org.testng.reporters.JUnitReportReporter -->
<testsuite hostname="DESKTOP-SMR1PUS" failures="0" tests="5" name="com.cts.runnertest.OpenCart" time="155.357" errors="0" timestamp="2020-04-13T00:16:18 IST" skipped="0">
  <testcase classname="com.cts.runnertest.OpenCart" name="feature" time="22.595"/>
  <system-out/>
  <testcase classname="com.cts.runnertest.OpenCart" name="feature" time="21.261"/>
  <system-out/>
  <testcase classname="com.cts.runnertest.OpenCart" name="feature" time="18.827"/>
  <system-out/>
  <testcase classname="com.cts.runnertest.OpenCart" name="feature" time="74.888"/>
  <system-out/>
  <testcase classname="com.cts.runnertest.OpenCart" name="feature" time="17.786"/>
  <system-out/>
</testsuite> <!-- com.cts.runnertest.OpenCart -->
