<?xml version="1.0" encoding="UTF-8"?>
<!-- Generated by org.testng.reporters.JUnitReportReporter -->
<testsuite hostname="DESKTOP-SMR1PUS" failures="0" tests="1" name="com.cts.runnertest.invalid" time="18.528" errors="0" timestamp="2020-04-10T12:26:54 IST" skipped="0">
  <testcase classname="com.cts.runnertest.invalid" name="feature" time="18.528"/>
  <system-out/>
</testsuite> <!-- com.cts.runnertest.invalid -->
