<?xml version="1.0" encoding="UTF-8"?>
<!-- Generated by org.testng.reporters.JUnitReportReporter -->
<testsuite hostname="DESKTOP-SMR1PUS" failures="0" tests="1" name="com.cts.runnertest.integration" time="60.927" errors="0" timestamp="2020-04-13T08:52:52 IST" skipped="0">
  <testcase classname="com.cts.runnertest.integration" name="feature" time="60.927"/>
  <system-out/>
</testsuite> <!-- com.cts.runnertest.integration -->
