<?xml version="1.0" encoding="UTF-8"?>
<!-- Generated by org.testng.reporters.JUnitReportReporter -->
<testsuite hostname="DESKTOP-SMR1PUS" failures="0" tests="1" name="com.cts.runnertest.invalidsearch" time="21.240" errors="0" timestamp="2020-04-12T23:41:32 IST" skipped="0">
  <testcase classname="com.cts.runnertest.invalidsearch" name="feature" time="21.240"/>
  <system-out/>
</testsuite> <!-- com.cts.runnertest.invalidsearch -->
