<?xml version="1.0" encoding="UTF-8"?>
<!-- Generated by org.testng.reporters.JUnitReportReporter -->
<testsuite hostname="DESKTOP-SMR1PUS" failures="0" tests="1" name="com.cts.runnertest.laptoppage" time="20.810" errors="0" timestamp="2020-04-10T12:26:54 IST" skipped="0">
  <testcase classname="com.cts.runnertest.laptoppage" name="feature" time="20.810"/>
  <system-out/>
</testsuite> <!-- com.cts.runnertest.laptoppage -->
