<?xml version="1.0" encoding="UTF-8"?>
<!-- Generated by org.testng.reporters.JUnitReportReporter -->
<testsuite hostname="DESKTOP-SMR1PUS" failures="0" tests="1" name="com.cts.runnertest.Search" time="22.539" errors="0" timestamp="2020-04-12T23:28:08 IST" skipped="0">
  <testcase classname="com.cts.runnertest.Search" name="feature" time="22.539"/>
  <system-out/>
</testsuite> <!-- com.cts.runnertest.Search -->
