<?xml version="1.0" encoding="UTF-8"?>
<!-- Generated by org.testng.reporters.JUnitReportReporter -->
<testsuite hostname="DESKTOP-SMR1PUS" failures="0" tests="1" name="com.cts.utility.TestSeleniumInChrome" time="8.469" errors="0" timestamp="2020-04-10T16:39:35 IST" skipped="0">
  <testcase classname="com.cts.utility.TestSeleniumInChrome" name="testchrome" time="8.469"/>
  <system-out/>
</testsuite> <!-- com.cts.utility.TestSeleniumInChrome -->
