<?xml version="1.0" encoding="UTF-8"?>
<!-- Generated by org.testng.reporters.JUnitReportReporter -->
<testsuite hostname="DESKTOP-SMR1PUS" failures="0" tests="1" name="com.cts.runnertest.campage" time="0.025" errors="0" timestamp="2020-04-10T19:06:46 IST" skipped="0">
  <testcase classname="com.cts.runnertest.campage" name="feature" time="0.025"/>
  <system-out/>
</testsuite> <!-- com.cts.runnertest.campage -->
