<?xml version="1.0" encoding="UTF-8"?>
<!-- Generated by org.testng.reporters.JUnitReportReporter -->
<testsuite hostname="DESKTOP-SMR1PUS" failures="0" tests="1" name="com.cts.runnertest.Comparision" time="22.857" errors="0" timestamp="2020-04-13T00:11:10 IST" skipped="0">
  <testcase classname="com.cts.runnertest.Comparision" name="feature" time="22.857"/>
  <system-out/>
</testsuite> <!-- com.cts.runnertest.Comparision -->
