<?xml version="1.0" encoding="UTF-8"?>
<!-- Generated by org.testng.reporters.JUnitReportReporter -->
<testsuite hostname="DESKTOP-SMR1PUS" failures="0" tests="1" name="com.cts.utility.ConfigDemo" time="0.010" errors="0" timestamp="2020-04-10T16:37:24 IST" skipped="0">
  <testcase classname="com.cts.utility.ConfigDemo" name="Testconfig" time="0.010"/>
  <system-out/>
</testsuite> <!-- com.cts.utility.ConfigDemo -->
