<?xml version="1.0" encoding="UTF-8"?>
<!-- Generated by org.testng.reporters.JUnitReportReporter -->
<testsuite hostname="DESKTOP-SMR1PUS" failures="0" tests="1" name="com.cts.runnertest.details" time="26.598" errors="0" timestamp="2020-04-13T00:06:36 IST" skipped="0">
  <testcase classname="com.cts.runnertest.details" name="feature" time="26.598"/>
  <system-out/>
</testsuite> <!-- com.cts.runnertest.details -->
