<?xml version="1.0" encoding="UTF-8"?>
<!-- Generated by org.testng.reporters.JUnitReportReporter -->
<testsuite hostname="DESKTOP-SMR1PUS" failures="0" tests="2" name="com.cts.runnertest.Allinone" time="42.559" errors="0" timestamp="2020-04-12T00:33:20 IST" skipped="0">
  <testcase classname="com.cts.runnertest.Allinone" name="feature" time="17.532"/>
  <system-out/>
  <testcase classname="com.cts.runnertest.Allinone" name="feature" time="25.027"/>
  <system-out/>
</testsuite> <!-- com.cts.runnertest.Allinone -->
