<?xml version="1.0" encoding="UTF-8"?>
<!-- Generated by org.testng.reporters.JUnitReportReporter -->
<testsuite hostname="DESKTOP-SMR1PUS" failures="0" tests="1" name="com.cts.utility.TestSelenium" time="0.007" errors="0" timestamp="2020-04-11T00:19:12 IST" skipped="0">
  <testcase classname="com.cts.utility.TestSelenium" name="testconfig" time="0.007"/>
  <system-out/>
</testsuite> <!-- com.cts.utility.TestSelenium -->
